2023-07-27 22:12:43.780 [info] Extension host with pid 25796 started
2023-07-27 22:12:43.839 [info] ExtensionService#_doActivateExtension vscode.git-base, startup: true, activationEvent: '*', root cause: vscode.git
2023-07-27 22:12:43.852 [info] ExtensionService#_doActivateExtension vscode.git, startup: true, activationEvent: '*'
2023-07-27 22:12:43.950 [info] ExtensionService#_doActivateExtension vscode.github, startup: true, activationEvent: '*'
2023-07-27 22:12:44.001 [info] Eager extensions activated
2023-07-27 22:12:44.019 [info] ExtensionService#_doActivateExtension vscode.debug-auto-launch, startup: false, activationEvent: 'onStartupFinished'
2023-07-27 22:12:44.022 [info] ExtensionService#_doActivateExtension vscode.merge-conflict, startup: false, activationEvent: 'onStartupFinished'
2023-07-27 22:12:48.360 [info] ExtensionService#_doActivateExtension vscode.json-language-features, startup: false, activationEvent: 'onLanguage:jsonc'
2023-07-27 22:12:48.471 [info] ExtensionService#_doActivateExtension vscode.typescript-language-features, startup: false, activationEvent: 'onLanguage:jsonc'
2023-07-27 22:12:48.534 [info] ExtensionService#_doActivateExtension vscode.emmet, startup: false, activationEvent: 'onLanguage'
2023-07-27 22:13:33.838 [info] Extension host terminating: renderer closed the MessagePort
2023-07-27 22:13:33.852 [info] Extension host with pid 25796 exiting with code 0
2023-07-27 22:13:35.082 [info] Extension host with pid 25999 started
2023-07-27 22:13:35.082 [info] Skipping acquiring lock for /home/zefiru/.config/Code - OSS/User/workspaceStorage/c02c5515605ded7ed96608d0df3eaae1.
2023-07-27 22:13:35.169 [info] ExtensionService#_doActivateExtension vscode.git-base, startup: true, activationEvent: '*'
2023-07-27 22:13:35.182 [info] ExtensionService#_doActivateExtension vscode.github, startup: true, activationEvent: '*'
2023-07-27 22:13:35.241 [info] Eager extensions activated
2023-07-27 22:13:35.245 [info] ExtensionService#_doActivateExtension vscode.debug-auto-launch, startup: false, activationEvent: 'onStartupFinished'
2023-07-27 22:13:35.248 [info] ExtensionService#_doActivateExtension vscode.merge-conflict, startup: false, activationEvent: 'onStartupFinished'
2023-07-27 22:13:37.522 [info] ExtensionService#_doActivateExtension vscode.git, startup: false, activationEvent: 'api', root cause: vscode.github
2023-07-27 22:13:58.629 [info] ExtensionService#_doActivateExtension vscode.emmet, startup: false, activationEvent: 'onLanguage'
2023-07-27 22:16:15.922 [info] Extension host terminating: renderer closed the MessagePort
2023-07-27 22:16:15.931 [info] Extension host with pid 25999 exiting with code 0
